<?xml version="1.0" encoding="UTF-8"?>
<testng-results skipped="0" failed="0" ignored="0" total="1" passed="1">
  <reporter-output>
  </reporter-output>
  <suite name="Default suite" duration-ms="11288" started-at="2021-01-07T04:35:53Z" finished-at="2021-01-07T04:36:04Z">
    <groups>
    </groups>
    <test name="Default test" duration-ms="11288" started-at="2021-01-07T04:35:53Z" finished-at="2021-01-07T04:36:04Z">
      <class name="com.qa.orangehrm.test.LoginTest">
        <test-method status="PASS" signature="login_test()[pri:0, instance:com.qa.orangehrm.test.LoginTest@68c4039c]" name="login_test" duration-ms="11258" started-at="2021-01-07T04:35:53Z" finished-at="2021-01-07T04:36:04Z">
          <reporter-output>
          </reporter-output>
        </test-method> <!-- login_test -->
      </class> <!-- com.qa.orangehrm.test.LoginTest -->
    </test> <!-- Default test -->
  </suite> <!-- Default suite -->
</testng-results>
